TN:
SF:src/App.js
FN:5,(anonymous_0)
FNF:1
FNH:1
FNDA:1,(anonymous_0)
DA:5,1
DA:6,1
LF:2
LH:2
BRF:0
BRH:0
end_of_record
TN:
SF:src/AsyncTask.js
FN:4,(anonymous_0)
FN:7,(anonymous_1)
FN:15,(anonymous_2)
FNF:3
FNH:2
FNDA:2,(anonymous_0)
FNDA:1,(anonymous_1)
FNDA:0,(anonymous_2)
DA:4,2
DA:5,2
DA:7,2
DA:8,1
DA:10,2
DA:15,0
LF:6
LH:5
BRF:0
BRH:0
end_of_record
TN:
SF:src/Random.js
FN:1,track
FNF:1
FNH:0
FNDA:0,track
DA:2,0
LF:1
LH:0
BRF:0
BRH:0
end_of_record
TN:
SF:src/Sum.js
FN:3,sum
FNF:1
FNH:1
FNDA:1,sum
DA:4,1
DA:5,1
LF:2
LH:2
BRF:0
BRH:0
end_of_record
TN:
SF:src/UITest.js
FN:4,(anonymous_0)
FN:11,(anonymous_1)
FNF:2
FNH:2
FNDA:2,(anonymous_0)
FNDA:1,(anonymous_1)
DA:4,2
DA:5,2
DA:6,2
DA:11,1
LF:4
LH:4
BRF:0
BRH:0
end_of_record
